# JRE version: OpenJDK Runtime Environment (8.0_152-b02) (build 1.8.0_152-release-1024-b02)
# Java VM: OpenJDK 64-Bit Server VM (25.152-b02 mixed mode windows-amd64 compressed oops)
Heap:
 PSYoungGen      total 464896K, used 333144K [0x00000000e0000000, 0x0000000100000000, 0x0000000100000000)
  eden space 408064K, 79% used [0x00000000e0000000,0x00000000f3d9f998,0x00000000f8e80000)
  from space 56832K, 13% used [0x00000000fc480000,0x00000000fcc369a0,0x00000000ffc00000)
  to   space 55296K, 0% used [0x00000000f8e80000,0x00000000f8e80000,0x00000000fc480000)
 ParOldGen       total 187392K, used 105993K [0x00000000a0000000, 0x00000000ab700000, 0x00000000e0000000)
  object space 187392K, 56% used [0x00000000a0000000,0x00000000a6782588,0x00000000ab700000)
 Metaspace       used 126531K, capacity 135110K, committed 135256K, reserved 1167360K
  class space    used 15906K, capacity 17484K, committed 17536K, reserved 1048576K
GC Heap History (10 events):
Event: 7809.048 GC heap before
{Heap before GC invocations=34 (full 4):
 PSYoungGen      total 460288K, used 427840K [0x00000000e0000000, 0x0000000100000000, 0x0000000100000000)
  eden space 396288K, 100% used [0x00000000e0000000,0x00000000f8300000,0x00000000f8300000)
  from space 64000K, 49% used [0x00000000f8300000,0x00000000fa1d0378,0x00000000fc180000)
  to   space 62464K, 0% used [0x00000000fc300000,0x00000000fc300000,0x0000000100000000)
 ParOldGen       total 187392K, used 85167K [0x00000000a0000000, 0x00000000ab700000, 0x00000000e0000000)
  object space 187392K, 45% used [0x00000000a0000000,0x00000000a532bf40,0x00000000ab700000)
 Metaspace       used 123607K, capacity 130774K, committed 130904K, reserved 1163264K
  class space    used 15519K, capacity 16907K, committed 17024K, reserved 1048576K
Event: 7809.064 GC heap after
Heap after GC invocations=34 (full 4):
 PSYoungGen      total 454656K, used 15391K [0x00000000e0000000, 0x00000000ffa80000, 0x0000000100000000)
  eden space 397824K, 0% used [0x00000000e0000000,0x00000000e0000000,0x00000000f8480000)
  from space 56832K, 27% used [0x00000000fc300000,0x00000000fd207ce8,0x00000000ffa80000)
  to   space 60416K, 0% used [0x00000000f8480000,0x00000000f8480000,0x00000000fbf80000)
 ParOldGen       total 187392K, used 92436K [0x00000000a0000000, 0x00000000ab700000, 0x00000000e0000000)
  object space 187392K, 49% used [0x00000000a0000000,0x00000000a5a45398,0x00000000ab700000)
 Metaspace       used 123607K, capacity 130774K, committed 130904K, reserved 1163264K
  class space    used 15519K, capacity 16907K, committed 17024K, reserved 1048576K
}
Event: 7809.515 GC heap before
{Heap before GC invocations=35 (full 4):
 PSYoungGen      total 454656K, used 413215K [0x00000000e0000000, 0x00000000ffa80000, 0x0000000100000000)
  eden space 397824K, 100% used [0x00000000e0000000,0x00000000f8480000,0x00000000f8480000)
  from space 56832K, 27% used [0x00000000fc300000,0x00000000fd207ce8,0x00000000ffa80000)
  to   space 60416K, 0% used [0x00000000f8480000,0x00000000f8480000,0x00000000fbf80000)
 ParOldGen       total 187392K, used 92436K [0x00000000a0000000, 0x00000000ab700000, 0x00000000e0000000)
  object space 187392K, 49% used [0x00000000a0000000,0x00000000a5a45398,0x00000000ab700000)
 Metaspace       used 123760K, capacity 130944K, committed 131160K, reserved 1163264K
  class space    used 15520K, capacity 16908K, committed 17024K, reserved 1048576K
Event: 7809.542 GC heap after
Heap after GC invocations=35 (full 4):
 PSYoungGen      total 458240K, used 9804K [0x00000000e0000000, 0x0000000100000000, 0x0000000100000000)
  eden space 397824K, 0% used [0x00000000e0000000,0x00000000e0000000,0x00000000f8480000)
  from space 60416K, 16% used [0x00000000f8480000,0x00000000f8e133b0,0x00000000fbf80000)
  to   space 59392K, 0% used [0x00000000fc600000,0x00000000fc600000,0x0000000100000000)
 ParOldGen       total 187392K, used 105293K [0x00000000a0000000, 0x00000000ab700000, 0x00000000e0000000)
  object space 187392K, 56% used [0x00000000a0000000,0x00000000a66d3538,0x00000000ab700000)
 Metaspace       used 123760K, capacity 130944K, committed 131160K, reserved 1163264K
  class space    used 15520K, capacity 16908K, committed 17024K, reserved 1048576K
}
Event: 7810.147 GC heap before
{Heap before GC invocations=36 (full 4):
 PSYoungGen      total 458240K, used 407628K [0x00000000e0000000, 0x0000000100000000, 0x0000000100000000)
  eden space 397824K, 100% used [0x00000000e0000000,0x00000000f8480000,0x00000000f8480000)
  from space 60416K, 16% used [0x00000000f8480000,0x00000000f8e133b0,0x00000000fbf80000)
  to   space 59392K, 0% used [0x00000000fc600000,0x00000000fc600000,0x0000000100000000)
 ParOldGen       total 187392K, used 105293K [0x00000000a0000000, 0x00000000ab700000, 0x00000000e0000000)
  object space 187392K, 56% used [0x00000000a0000000,0x00000000a66d3538,0x00000000ab700000)
 Metaspace       used 123916K, capacity 131082K, committed 131416K, reserved 1163264K
  class space    used 15520K, capacity 16909K, committed 17024K, reserved 1048576K
Event: 7810.153 GC heap after
Heap after GC invocations=36 (full 4):
 PSYoungGen      total 462848K, used 2988K [0x00000000e0000000, 0x00000000fff00000, 0x0000000100000000)
  eden space 404480K, 0% used [0x00000000e0000000,0x00000000e0000000,0x00000000f8b00000)
  from space 58368K, 5% used [0x00000000fc600000,0x00000000fc8eb2f0,0x00000000fff00000)
  to   space 59392K, 0% used [0x00000000f8b00000,0x00000000f8b00000,0x00000000fc500000)
 ParOldGen       total 187392K, used 105325K [0x00000000a0000000, 0x00000000ab700000, 0x00000000e0000000)
  object space 187392K, 56% used [0x00000000a0000000,0x00000000a66db538,0x00000000ab700000)
 Metaspace       used 123916K, capacity 131082K, committed 131416K, reserved 1163264K
  class space    used 15520K, capacity 16909K, committed 17024K, reserved 1048576K
}
Event: 7812.413 GC heap before
{Heap before GC invocations=37 (full 4):
 PSYoungGen      total 462848K, used 407468K [0x00000000e0000000, 0x00000000fff00000, 0x0000000100000000)
  eden space 404480K, 100% used [0x00000000e0000000,0x00000000f8b00000,0x00000000f8b00000)
  from space 58368K, 5% used [0x00000000fc600000,0x00000000fc8eb2f0,0x00000000fff00000)
  to   space 59392K, 0% used [0x00000000f8b00000,0x00000000f8b00000,0x00000000fc500000)
 ParOldGen       total 187392K, used 105325K [0x00000000a0000000, 0x00000000ab700000, 0x00000000e0000000)
  object space 187392K, 56% used [0x00000000a0000000,0x00000000a66db538,0x00000000ab700000)
 Metaspace       used 124255K, capacity 131420K, committed 131672K, reserved 1163264K
  class space    used 15551K, capacity 16924K, committed 17024K, reserved 1048576K
Event: 7812.423 GC heap after
Heap after GC invocations=37 (full 4):
 PSYoungGen      total 416768K, used 12287K [0x00000000e0000000, 0x00000000ffc00000, 0x0000000100000000)
  eden space 404480K, 0% used [0x00000000e0000000,0x00000000e0000000,0x00000000f8b00000)
  from space 12288K, 99% used [0x00000000f8b00000,0x00000000f96ffd40,0x00000000f9700000)
  to   space 56832K, 0% used [0x00000000fc480000,0x00000000fc480000,0x00000000ffc00000)
 ParOldGen       total 187392K, used 105357K [0x00000000a0000000, 0x00000000ab700000, 0x00000000e0000000)
  object space 187392K, 56% used [0x00000000a0000000,0x00000000a66e3538,0x00000000ab700000)
 Metaspace       used 124255K, capacity 131420K, committed 131672K, reserved 1163264K
  class space    used 15551K, capacity 16924K, committed 17024K, reserved 1048576K
}
Event: 7825.302 GC heap before
{Heap before GC invocations=38 (full 4):
 PSYoungGen      total 416768K, used 416767K [0x00000000e0000000, 0x00000000ffc00000, 0x0000000100000000)
  eden space 404480K, 100% used [0x00000000e0000000,0x00000000f8b00000,0x00000000f8b00000)
  from space 12288K, 99% used [0x00000000f8b00000,0x00000000f96ffd40,0x00000000f9700000)
  to   space 56832K, 0% used [0x00000000fc480000,0x00000000fc480000,0x00000000ffc00000)
 ParOldGen       total 187392K, used 105357K [0x00000000a0000000, 0x00000000ab700000, 0x00000000e0000000)
  object space 187392K, 56% used [0x00000000a0000000,0x00000000a66e3538,0x00000000ab700000)
 Metaspace       used 125635K, capacity 133212K, committed 133464K, reserved 1165312K
  class space    used 15751K, capacity 17186K, committed 17280K, reserved 1048576K
Event: 7825.308 GC heap after
Heap after GC invocations=38 (full 4):
 PSYoungGen      total 464896K, used 7898K [0x00000000e0000000, 0x0000000100000000, 0x0000000100000000)
  eden space 408064K, 0% used [0x00000000e0000000,0x00000000e0000000,0x00000000f8e80000)
  from space 56832K, 13% used [0x00000000fc480000,0x00000000fcc369a0,0x00000000ffc00000)
  to   space 55296K, 0% used [0x00000000f8e80000,0x00000000f8e80000,0x00000000fc480000)
 ParOldGen       total 187392K, used 105993K [0x00000000a0000000, 0x00000000ab700000, 0x00000000e0000000)
  object space 187392K, 56% used [0x00000000a0000000,0x00000000a6782588,0x00000000ab700000)
 Metaspace       used 125635K, capacity 133212K, committed 133464K, reserved 1165312K
  class space    used 15751K, capacity 17186K, committed 17280K, reserved 1048576K
}

